Arguments: 
  /usr/local/bin/node /usr/local/bin/yarn add loadsh -S

PATH: 
  /Users/wangsen/.yarn/bin:/usr/local/bin:/usr/bin:/bin:/usr/sbin:/sbin:/Users/wangsen/.yarn/bin

Yarn version: 
  1.22.5

Node version: 
  14.10.0

Platform: 
  darwin x64

Trace: 
  Error: ENOENT: no such file or directory, copyfile '/Users/wangsen/Library/Caches/Yarn/v6/npm-make-dir-2.1.0-5f0310e18b8be898cc07009295a30ae41e91e6f5-integrity/node_modules/make-dir/index.d.ts' -> '/Users/wangsen/sunshine/dva-system/node_modules/af-webpack/node_modules/make-dir/index.d.ts'

npm manifest: 
  {
    "private": true,
    "scripts": {
      "start": "roadhog server",
      "build": "roadhog build",
      "lint": "eslint --ext .js src test",
      "precommit": "npm run lint"
    },
    "dependencies": {
      "dva": "^2.4.1",
      "react": "^16.2.0",
      "react-dom": "^16.2.0"
    },
    "devDependencies": {
      "babel-plugin-dva-hmr": "^0.3.2",
      "eslint": "^4.14.0",
      "eslint-config-umi": "^0.1.1",
      "eslint-plugin-flowtype": "^2.34.1",
      "eslint-plugin-import": "^2.6.0",
      "eslint-plugin-jsx-a11y": "^5.1.1",
      "eslint-plugin-react": "^7.1.0",
      "husky": "^0.12.0",
      "redbox-react": "^1.4.3",
      "roadhog": "^2.5.0-beta.4"
    }
  }

yarn manifest: 
  No manifest

Lockfile: 
  No lockfile
